<?xml version="1.0" encoding="UTF-8" ?>
<testsuite errors="7" failures="0" hostname="HP" name="warmup.QuadraticTest" skipped="0" tests="8" time="1.75" timestamp="2018-06-09T11:02:55">
  <properties>
[...]
</properties>
  <testcase classname="warmup.QuadraticTest" name="testOneRoot" time="0.197">
    <error message="warmup/Quadratic : Unsupported major.minor version 52.0" type="java.lang.UnsupportedClassVersionError">java.lang.UnsupportedClassVersionError: warmup/Quadratic : Unsupported major.minor version 52.0
	at java.lang.ClassLoader.defineClass1(Native Method)
	at java.lang.ClassLoader.defineClass(ClassLoader.java:800)
	at java.security.SecureClassLoader.defineClass(SecureClassLoader.java:142)
	at java.net.URLClassLoader.defineClass(URLClassLoader.java:449)
	at java.net.URLClassLoader.access$100(URLClassLoader.java:71)
	at java.net.URLClassLoader$1.run(URLClassLoader.java:361)
	at java.net.URLClassLoader$1.run(URLClassLoader.java:355)
	at java.security.AccessController.doPrivileged(Native Method)
	at java.net.URLClassLoader.findClass(URLClassLoader.java:354)
	at java.lang.ClassLoader.loadClass(ClassLoader.java:425)
	at sun.misc.Launcher$AppClassLoader.loadClass(Launcher.java:308)
	at java.lang.ClassLoader.loadClass(ClassLoader.java:358)
	at warmup.QuadraticTest.testOneRoot(QuadraticTest.java:65)
</error>
  </testcase>
  <testcase classname="warmup.QuadraticTest" name="testAssertionsEnabled" time="0.0" />
  <testcase classname="warmup.QuadraticTest" name="testOneZeroRoot" time="0.0">
    <error message="warmup/Quadratic" type="java.lang.UnsupportedClassVersionError">java.lang.UnsupportedClassVersionError: warmup/Quadratic
	at warmup.QuadraticTest.testOneZeroRoot(QuadraticTest.java:59)
</error>
  </testcase>
  <testcase classname="warmup.QuadraticTest" name="testPositiveRoots" time="0.0">
    <error message="warmup/Quadratic" type="java.lang.UnsupportedClassVersionError">java.lang.UnsupportedClassVersionError: warmup/Quadratic
	at warmup.QuadraticTest.testPositiveRoots(QuadraticTest.java:41)
</error>
  </testcase>
  <testcase classname="warmup.QuadraticTest" name="testBothZeroRoots" time="0.0">
    <error message="warmup/Quadratic" type="java.lang.UnsupportedClassVersionError">java.lang.UnsupportedClassVersionError: warmup/Quadratic
	at warmup.QuadraticTest.testBothZeroRoots(QuadraticTest.java:71)
</error>
  </testcase>
  <testcase classname="warmup.QuadraticTest" name="testOppositeSignRoots" time="0.0">
    <error message="warmup/Quadratic" type="java.lang.UnsupportedClassVersionError">java.lang.UnsupportedClassVersionError: warmup/Quadratic
	at warmup.QuadraticTest.testOppositeSignRoots(QuadraticTest.java:53)
</error>
  </testcase>
  <testcase classname="warmup.QuadraticTest" name="testNegativeRoots" time="0.0">
    <error message="warmup/Quadratic" type="java.lang.UnsupportedClassVersionError">java.lang.UnsupportedClassVersionError: warmup/Quadratic
	at warmup.QuadraticTest.testNegativeRoots(QuadraticTest.java:47)
</error>
  </testcase>
  <testcase classname="warmup.QuadraticTest" name="testLargeRoots" time="0.0">
    <error message="warmup/Quadratic" type="java.lang.UnsupportedClassVersionError">java.lang.UnsupportedClassVersionError: warmup/Quadratic
	at warmup.QuadraticTest.testLargeRoots(QuadraticTest.java:79)
</error>
  </testcase>
  <system-out><![CDATA[]]></system-out>
  <system-err><![CDATA[]]></system-err>
</testsuite>
