<?xml version="1.0" encoding="UTF-8" ?>
<testsuite errors="0" failures="0" hostname="HP" name="library.LibraryTest" skipped="0" tests="10" time="0.125" timestamp="2018-07-11T21:30:51">
  <properties>
[...]
</properties>
  <testcase classname="library.LibraryTest" name="testLibraryWithCheckouts[library.SmallLibrary]" time="0.0" />
  <testcase classname="library.LibraryTest" name="testLibraryFind[library.SmallLibrary]" time="0.0" />
  <testcase classname="library.LibraryTest" name="testLibraryLose[library.SmallLibrary]" time="0.0" />
  <testcase classname="library.LibraryTest" name="testAssertionsEnabled[library.SmallLibrary]" time="0.0" />
  <testcase classname="library.LibraryTest" name="testLibraryNoCheckouts[library.SmallLibrary]" time="0.0" />
  <testcase classname="library.LibraryTest" name="testLibraryWithCheckouts[library.BigLibrary]" time="0.0" />
  <testcase classname="library.LibraryTest" name="testLibraryFind[library.BigLibrary]" time="0.047" />
  <testcase classname="library.LibraryTest" name="testLibraryLose[library.BigLibrary]" time="0.0" />
  <testcase classname="library.LibraryTest" name="testAssertionsEnabled[library.BigLibrary]" time="0.0" />
  <testcase classname="library.LibraryTest" name="testLibraryNoCheckouts[library.BigLibrary]" time="0.0" />
  <system-out><![CDATA[]]></system-out>
  <system-err><![CDATA[]]></system-err>
</testsuite>
